Found 5202 validated image filenames.
Found 1115 validated image filenames.
Epoch 1/10
163/163 - 73s - loss: 13567.3184 - mae: 15.7848 - val_loss: 10754.9844 - val_mae: 15.0140 - 73s/epoch - 448ms/step
Epoch 2/10
163/163 - 61s - loss: 8871.8525 - mae: 8.0619 - val_loss: 7574.6240 - val_mae: 9.5221 - 61s/epoch - 376ms/step
Epoch 3/10
163/163 - 62s - loss: 6535.1548 - mae: 7.5077 - val_loss: 5795.4951 - val_mae: 10.3757 - 62s/epoch - 378ms/step
Epoch 4/10
163/163 - 62s - loss: 5102.0122 - mae: 7.1109 - val_loss: 4801.9458 - val_mae: 13.3485 - 62s/epoch - 379ms/step
Epoch 5/10
163/163 - 62s - loss: 4170.2666 - mae: 6.9298 - val_loss: 3956.3645 - val_mae: 10.9940 - 62s/epoch - 379ms/step
Epoch 6/10
163/163 - 62s - loss: 3529.1699 - mae: 6.8950 - val_loss: 3371.1147 - val_mae: 10.7302 - 62s/epoch - 380ms/step
Epoch 7/10
163/163 - 62s - loss: 3034.5835 - mae: 6.7591 - val_loss: 2874.0295 - val_mae: 8.4251 - 62s/epoch - 380ms/step
Epoch 8/10
163/163 - 62s - loss: 2656.4712 - mae: 6.7081 - val_loss: 2570.6057 - val_mae: 9.2524 - 62s/epoch - 379ms/step
Epoch 9/10
163/163 - 62s - loss: 2368.7861 - mae: 6.6523 - val_loss: 2387.0828 - val_mae: 11.5363 - 62s/epoch - 378ms/step
Epoch 10/10
163/163 - 62s - loss: 2170.0042 - mae: 6.7157 - val_loss: 2156.0029 - val_mae: 8.4513 - 62s/epoch - 379ms/step
Trial 0 finished with best value: 8.425087928771973 and parameters: {'exp_1': 5, 'exp_2': 5, 'exp_3': 5, 'exp_4': 4, 'l1_constant': 0.06901518316661631, 'l2_constant': 0.053338322449125765}. 
Found 5202 validated image filenames.
Found 1115 validated image filenames.
Epoch 1/10
163/163 - 70s - loss: 17546.5566 - mae: 13.1551 - val_loss: 14682.3447 - val_mae: 15.9518 - 70s/epoch - 428ms/step
Epoch 2/10
163/163 - 62s - loss: 12399.3955 - mae: 8.0968 - val_loss: 10664.9160 - val_mae: 8.5465 - 62s/epoch - 382ms/step
Epoch 3/10
163/163 - 62s - loss: 9293.7559 - mae: 7.4795 - val_loss: 8159.9971 - val_mae: 8.2326 - 62s/epoch - 381ms/step
Epoch 4/10
163/163 - 62s - loss: 7262.0107 - mae: 7.1898 - val_loss: 6559.7515 - val_mae: 8.3920 - 62s/epoch - 382ms/step
Epoch 5/10
163/163 - 62s - loss: 5878.6353 - mae: 7.1340 - val_loss: 5431.0645 - val_mae: 8.8200 - 62s/epoch - 382ms/step
Epoch 6/10
163/163 - 62s - loss: 4894.2090 - mae: 7.0632 - val_loss: 4571.7012 - val_mae: 9.5250 - 62s/epoch - 382ms/step
Epoch 7/10
163/163 - 62s - loss: 4152.7397 - mae: 6.8992 - val_loss: 3903.8354 - val_mae: 9.3105 - 62s/epoch - 382ms/step
Epoch 8/10
163/163 - 63s - loss: 3614.3645 - mae: 7.0524 - val_loss: 3517.2344 - val_mae: 9.0876 - 63s/epoch - 385ms/step
Epoch 9/10
163/163 - 62s - loss: 3167.0105 - mae: 6.9102 - val_loss: 3013.7529 - val_mae: 8.2250 - 62s/epoch - 382ms/step
Epoch 10/10
163/163 - 62s - loss: 2877.3765 - mae: 7.0113 - val_loss: 2985.7998 - val_mae: 10.1383 - 62s/epoch - 382ms/step
Trial 1 finished with best value: 8.225018501281738 and parameters: {'exp_1': 8, 'exp_2': 4, 'exp_3': 4, 'exp_4': 4, 'l1_constant': 0.08375300486726667, 'l2_constant': 0.03492378242558599}. 
Found 5202 validated image filenames.
Found 1115 validated image filenames.
Epoch 1/10
163/163 - 70s - loss: 1907.5748 - mae: 15.0211 - val_loss: 1957.5887 - val_mae: 18.7899 - 70s/epoch - 429ms/step
Epoch 2/10
163/163 - 62s - loss: 1536.4607 - mae: 7.9022 - val_loss: 1497.5966 - val_mae: 7.9462 - 62s/epoch - 380ms/step
Epoch 3/10
163/163 - 62s - loss: 1430.1198 - mae: 6.9991 - val_loss: 1419.7296 - val_mae: 8.0744 - 62s/epoch - 382ms/step
Epoch 4/10
163/163 - 63s - loss: 1331.0044 - mae: 6.2109 - val_loss: 1331.9768 - val_mae: 7.9742 - 63s/epoch - 385ms/step
Epoch 5/10
163/163 - 63s - loss: 1246.7543 - mae: 5.7443 - val_loss: 1249.1432 - val_mae: 7.3955 - 63s/epoch - 389ms/step
Epoch 6/10
163/163 - 64s - loss: 1174.1038 - mae: 5.4971 - val_loss: 1186.8743 - val_mae: 7.5616 - 64s/epoch - 391ms/step
Epoch 7/10
163/163 - 65s - loss: 1102.3953 - mae: 5.0902 - val_loss: 1126.1139 - val_mae: 7.5786 - 65s/epoch - 397ms/step
Epoch 8/10
163/163 - 65s - loss: 1043.4893 - mae: 5.0219 - val_loss: 1062.8688 - val_mae: 7.1829 - 65s/epoch - 397ms/step
Epoch 9/10
163/163 - 64s - loss: 983.4898 - mae: 4.7269 - val_loss: 1011.3767 - val_mae: 7.2284 - 64s/epoch - 393ms/step
Epoch 10/10
163/163 - 63s - loss: 930.7010 - mae: 4.5784 - val_loss: 974.3226 - val_mae: 7.8275 - 63s/epoch - 389ms/step
Trial 2 finished with best value: 7.182906627655029 and parameters: {'exp_1': 6, 'exp_2': 5, 'exp_3': 4, 'exp_4': 3, 'l1_constant': 0.004805341361593249, 'l2_constant': 0.06993468790280583}. 
Found 5202 validated image filenames.
Found 1115 validated image filenames.
Epoch 1/10
163/163 - 71s - loss: 10658.8447 - mae: 14.5002 - val_loss: 9560.4805 - val_mae: 23.2342 - 71s/epoch - 437ms/step
Epoch 2/10
163/163 - 63s - loss: 7987.4126 - mae: 8.0979 - val_loss: 7113.0947 - val_mae: 9.1830 - 63s/epoch - 388ms/step
Epoch 3/10
163/163 - 69s - loss: 6368.2979 - mae: 7.2921 - val_loss: 5778.0361 - val_mae: 8.5139 - 69s/epoch - 423ms/step
Epoch 4/10
163/163 - 69s - loss: 5212.3677 - mae: 6.7527 - val_loss: 4815.7480 - val_mae: 8.0731 - 69s/epoch - 425ms/step
Epoch 5/10
163/163 - 63s - loss: 4385.0894 - mae: 6.5653 - val_loss: 4107.8032 - val_mae: 8.9632 - 63s/epoch - 386ms/step
Epoch 6/10
163/163 - 63s - loss: 3748.5171 - mae: 6.5669 - val_loss: 3561.0500 - val_mae: 9.1777 - 63s/epoch - 385ms/step
Epoch 7/10
163/163 - 63s - loss: 3256.1111 - mae: 6.2914 - val_loss: 3087.1833 - val_mae: 8.0757 - 63s/epoch - 385ms/step
Epoch 8/10
163/163 - 63s - loss: 2869.7180 - mae: 6.3747 - val_loss: 2782.3035 - val_mae: 8.4417 - 63s/epoch - 385ms/step
Epoch 9/10
163/163 - 63s - loss: 2560.5564 - mae: 6.1983 - val_loss: 2559.1956 - val_mae: 10.5850 - 63s/epoch - 389ms/step
Epoch 10/10
163/163 - 63s - loss: 2317.3691 - mae: 6.2555 - val_loss: 2259.3718 - val_mae: 8.4668 - 63s/epoch - 386ms/step
Found 5202 validated image filenames.
Found 1115 validated image filenames.
Epoch 1/10
163/163 - 71s - loss: 12782.1816 - mae: 14.2463 - val_loss: 10860.4121 - val_mae: 16.9137 - 71s/epoch - 434ms/step
Epoch 2/10
163/163 - 63s - loss: 9244.6348 - mae: 8.0260 - val_loss: 8110.9336 - val_mae: 8.4974 - 63s/epoch - 385ms/step
Epoch 3/10
163/163 - 64s - loss: 7189.9648 - mae: 7.3995 - val_loss: 6444.5337 - val_mae: 8.5896 - 64s/epoch - 390ms/step
Epoch 4/10
163/163 - 63s - loss: 5794.9502 - mae: 7.0286 - val_loss: 5322.8271 - val_mae: 8.3093 - 63s/epoch - 387ms/step
Epoch 5/10
163/163 - 63s - loss: 4818.1777 - mae: 6.8761 - val_loss: 4501.1699 - val_mae: 8.5793 - 63s/epoch - 385ms/step
Epoch 6/10
163/163 - 63s - loss: 4082.3865 - mae: 6.7380 - val_loss: 3851.7551 - val_mae: 9.5965 - 63s/epoch - 386ms/step
Epoch 7/10
163/163 - 63s - loss: 3531.5251 - mae: 6.5633 - val_loss: 3333.1951 - val_mae: 8.1398 - 63s/epoch - 389ms/step
Epoch 8/10
163/163 - 63s - loss: 3089.7046 - mae: 6.5528 - val_loss: 2986.3406 - val_mae: 8.4314 - 63s/epoch - 387ms/step
Epoch 9/10
163/163 - 63s - loss: 2760.9565 - mae: 6.6105 - val_loss: 2707.9963 - val_mae: 10.3374 - 63s/epoch - 387ms/step
Epoch 10/10
163/163 - 63s - loss: 2472.6436 - mae: 6.6283 - val_loss: 2419.2820 - val_mae: 8.3002 - 63s/epoch - 386ms/step
Found 5202 validated image filenames.
Found 1115 validated image filenames.
Epoch 1/10
163/163 - 71s - loss: 3597.5349 - mae: 18.3954 - val_loss: 3255.1975 - val_mae: 17.2122 - 71s/epoch - 435ms/step
Epoch 2/10
163/163 - 63s - loss: 2709.5879 - mae: 8.1155 - val_loss: 2509.9412 - val_mae: 8.2078 - 63s/epoch - 385ms/step
Epoch 3/10
163/163 - 63s - loss: 2326.9204 - mae: 7.1293 - val_loss: 2211.9155 - val_mae: 8.2609 - 63s/epoch - 386ms/step
Epoch 4/10
163/163 - 63s - loss: 2040.3810 - mae: 6.3656 - val_loss: 1985.6780 - val_mae: 8.3456 - 63s/epoch - 385ms/step
Epoch 5/10
163/163 - 63s - loss: 1827.1338 - mae: 6.0577 - val_loss: 1783.4396 - val_mae: 7.9333 - 63s/epoch - 384ms/step
Epoch 6/10
163/163 - 63s - loss: 1652.1870 - mae: 5.6953 - val_loss: 1647.3081 - val_mae: 8.4508 - 63s/epoch - 385ms/step
Epoch 7/10
163/163 - 62s - loss: 1503.5536 - mae: 5.3345 - val_loss: 1495.5237 - val_mae: 7.7309 - 62s/epoch - 383ms/step
Epoch 8/10
163/163 - 63s - loss: 1383.5907 - mae: 5.2920 - val_loss: 1386.7725 - val_mae: 7.4997 - 63s/epoch - 385ms/step
Epoch 9/10
163/163 - 63s - loss: 1280.2452 - mae: 5.2438 - val_loss: 1422.0691 - val_mae: 12.3872 - 63s/epoch - 386ms/step
Epoch 10/10
163/163 - 63s - loss: 1181.3469 - mae: 5.0745 - val_loss: 1235.0294 - val_mae: 8.8578 - 63s/epoch - 384ms/step
Found 5202 validated image filenames.
Found 1115 validated image filenames.
Epoch 1/10
163/163 - 71s - loss: 7004.2852 - mae: 15.6494 - val_loss: 6212.1450 - val_mae: 15.7880 - 71s/epoch - 435ms/step
Epoch 2/10
163/163 - 63s - loss: 5397.8809 - mae: 7.9513 - val_loss: 4880.0288 - val_mae: 8.2546 - 63s/epoch - 385ms/step
Epoch 3/10
163/163 - 63s - loss: 4433.8608 - mae: 7.1846 - val_loss: 4082.6108 - val_mae: 8.3538 - 63s/epoch - 386ms/step
Epoch 4/10
163/163 - 63s - loss: 3715.6724 - mae: 6.5699 - val_loss: 3483.5964 - val_mae: 8.4916 - 63s/epoch - 386ms/step
Epoch 5/10
163/163 - 63s - loss: 3185.3650 - mae: 6.2914 - val_loss: 3027.7075 - val_mae: 8.3049 - 63s/epoch - 387ms/step
Epoch 6/10
163/163 - 63s - loss: 2778.4043 - mae: 6.1754 - val_loss: 2731.7886 - val_mae: 10.7970 - 63s/epoch - 387ms/step
Epoch 7/10
163/163 - 63s - loss: 2440.4666 - mae: 5.8423 - val_loss: 2342.8821 - val_mae: 7.7583 - 63s/epoch - 389ms/step
Epoch 8/10
163/163 - 63s - loss: 2186.5203 - mae: 5.8850 - val_loss: 2111.5725 - val_mae: 7.3706 - 63s/epoch - 387ms/step
Epoch 9/10
163/163 - 63s - loss: 1964.7325 - mae: 5.8386 - val_loss: 1992.3124 - val_mae: 10.1758 - 63s/epoch - 384ms/step
Epoch 10/10
163/163 - 63s - loss: 1776.0592 - mae: 5.6688 - val_loss: 1782.4528 - val_mae: 8.5498 - 63s/epoch - 385ms/step
Found 5202 validated image filenames.
Found 1115 validated image filenames.
Epoch 1/10
163/163 - 71s - loss: 13939.0615 - mae: 18.3203 - val_loss: 10126.0850 - val_mae: 10.1647 - 71s/epoch - 435ms/step
Epoch 2/10
163/163 - 63s - loss: 8276.1357 - mae: 8.3003 - val_loss: 6993.1963 - val_mae: 11.5281 - 63s/epoch - 386ms/step
Epoch 3/10
163/163 - 63s - loss: 5949.3018 - mae: 7.6309 - val_loss: 5367.4282 - val_mae: 13.8281 - 63s/epoch - 386ms/step
Epoch 4/10
163/163 - 63s - loss: 4642.4517 - mae: 7.2842 - val_loss: 4479.3545 - val_mae: 15.8314 - 63s/epoch - 387ms/step
Epoch 5/10
163/163 - 64s - loss: 3835.7097 - mae: 7.1812 - val_loss: 3887.3870 - val_mae: 17.4821 - 64s/epoch - 391ms/step
Epoch 6/10
163/163 - 63s - loss: 3245.0735 - mae: 7.0937 - val_loss: 3140.1284 - val_mae: 11.4824 - 63s/epoch - 389ms/step
Epoch 7/10
163/163 - 63s - loss: 2823.2048 - mae: 6.8950 - val_loss: 2760.8254 - val_mae: 10.8077 - 63s/epoch - 388ms/step
Epoch 8/10
163/163 - 63s - loss: 2525.0413 - mae: 6.9385 - val_loss: 2439.6338 - val_mae: 8.6497 - 63s/epoch - 387ms/step
Epoch 9/10
163/163 - 63s - loss: 2268.1274 - mae: 6.8709 - val_loss: 2246.3291 - val_mae: 8.1336 - 63s/epoch - 388ms/step
Epoch 10/10
163/163 - 63s - loss: 2097.2310 - mae: 6.9576 - val_loss: 2113.2258 - val_mae: 8.8673 - 63s/epoch - 387ms/step
Found 5202 validated image filenames.
Found 1115 validated image filenames.
Epoch 1/10
163/163 - 71s - loss: 2154.3970 - mae: 18.7892 - val_loss: 2713.3538 - val_mae: 29.9596 - 71s/epoch - 433ms/step
Epoch 2/10
163/163 - 63s - loss: 1591.1250 - mae: 8.4357 - val_loss: 1511.9746 - val_mae: 8.2021 - 63s/epoch - 385ms/step
Epoch 3/10
163/163 - 63s - loss: 1426.8553 - mae: 7.2280 - val_loss: 1387.0568 - val_mae: 7.8186 - 63s/epoch - 388ms/step
Epoch 4/10
163/163 - 65s - loss: 1295.5703 - mae: 6.3674 - val_loss: 1302.5220 - val_mae: 8.4184 - 65s/epoch - 397ms/step
Epoch 5/10
163/163 - 63s - loss: 1192.8640 - mae: 5.9293 - val_loss: 1188.9602 - val_mae: 7.4171 - 63s/epoch - 388ms/step
Epoch 6/10
163/163 - 64s - loss: 1107.9180 - mae: 5.5703 - val_loss: 1128.9993 - val_mae: 7.9375 - 64s/epoch - 391ms/step
Epoch 7/10
163/163 - 63s - loss: 1029.0432 - mae: 5.1892 - val_loss: 1041.8777 - val_mae: 7.2048 - 63s/epoch - 389ms/step
Epoch 8/10
163/163 - 63s - loss: 965.6012 - mae: 5.0646 - val_loss: 990.4609 - val_mae: 7.3872 - 63s/epoch - 387ms/step
Epoch 9/10
163/163 - 64s - loss: 904.4063 - mae: 4.8298 - val_loss: 942.1432 - val_mae: 7.6195 - 64s/epoch - 390ms/step
Epoch 10/10
163/163 - 64s - loss: 849.8719 - mae: 4.6976 - val_loss: 890.6154 - val_mae: 7.5399 - 64s/epoch - 391ms/step
Found 5202 validated image filenames.
Found 1115 validated image filenames.
Epoch 1/10
163/163 - 71s - loss: 16933.9199 - mae: 16.0896 - val_loss: 13272.5879 - val_mae: 21.1971 - 71s/epoch - 435ms/step
Epoch 2/10
163/163 - 63s - loss: 10552.2744 - mae: 8.2629 - val_loss: 8805.6064 - val_mae: 9.4642 - 63s/epoch - 387ms/step
Epoch 3/10
163/163 - 63s - loss: 7560.5205 - mae: 7.6823 - val_loss: 6696.2251 - val_mae: 11.5691 - 63s/epoch - 385ms/step
Epoch 4/10
163/163 - 63s - loss: 5829.1631 - mae: 7.3509 - val_loss: 5376.8379 - val_mae: 11.0883 - 63s/epoch - 387ms/step
Epoch 5/10
163/163 - 63s - loss: 4719.9360 - mae: 7.2578 - val_loss: 4412.2847 - val_mae: 11.4303 - 63s/epoch - 387ms/step
Epoch 6/10
163/163 - 63s - loss: 3940.0139 - mae: 7.2267 - val_loss: 3756.1348 - val_mae: 11.0315 - 63s/epoch - 387ms/step
Epoch 7/10
163/163 - 63s - loss: 3406.0896 - mae: 7.1485 - val_loss: 3189.5083 - val_mae: 8.5893 - 63s/epoch - 386ms/step
Epoch 8/10
163/163 - 63s - loss: 2959.2451 - mae: 7.0101 - val_loss: 2914.8096 - val_mae: 10.4443 - 63s/epoch - 386ms/step
Epoch 9/10
163/163 - 63s - loss: 2629.2605 - mae: 7.0029 - val_loss: 2600.2852 - val_mae: 10.1024 - 63s/epoch - 387ms/step
Epoch 10/10
163/163 - 63s - loss: 2367.8157 - mae: 6.9897 - val_loss: 2308.6658 - val_mae: 8.6944 - 63s/epoch - 385ms/step
Found 5202 validated image filenames.
Found 1115 validated image filenames.
Epoch 1/10
163/163 - 72s - loss: 11317.2969 - mae: 11.5938 - val_loss: 10233.8018 - val_mae: 9.6831 - 72s/epoch - 440ms/step
Epoch 2/10
163/163 - 64s - loss: 9288.4385 - mae: 8.1255 - val_loss: 8481.0605 - val_mae: 9.4076 - 64s/epoch - 391ms/step
Epoch 3/10
163/163 - 64s - loss: 7738.7227 - mae: 7.3680 - val_loss: 7138.6963 - val_mae: 8.6705 - 64s/epoch - 392ms/step
Epoch 4/10
163/163 - 63s - loss: 6584.7603 - mae: 6.8600 - val_loss: 6165.7510 - val_mae: 8.0977 - 63s/epoch - 389ms/step
Epoch 5/10
163/163 - 64s - loss: 5738.1387 - mae: 6.4692 - val_loss: 5424.9185 - val_mae: 8.2920 - 64s/epoch - 395ms/step
Epoch 6/10
163/163 - 64s - loss: 5060.3145 - mae: 6.5397 - val_loss: 4799.4526 - val_mae: 7.8743 - 64s/epoch - 391ms/step
Epoch 7/10
163/163 - 64s - loss: 4481.5815 - mae: 6.0344 - val_loss: 4271.7529 - val_mae: 7.9836 - 64s/epoch - 390ms/step
Epoch 8/10
163/163 - 64s - loss: 4010.5195 - mae: 6.1657 - val_loss: 3848.9336 - val_mae: 8.2744 - 64s/epoch - 391ms/step
Epoch 9/10
163/163 - 63s - loss: 3593.8013 - mae: 5.9057 - val_loss: 3486.0413 - val_mae: 8.2364 - 63s/epoch - 389ms/step
Epoch 10/10
163/163 - 63s - loss: 3247.4829 - mae: 6.0150 - val_loss: 3177.1741 - val_mae: 8.6944 - 63s/epoch - 388ms/step
Found 5202 validated image filenames.
Found 1115 validated image filenames.
Epoch 1/10
163/163 - 72s - loss: 3583.9189 - mae: 18.6476 - val_loss: 4780.6519 - val_mae: 41.0382 - 72s/epoch - 441ms/step
Epoch 2/10
163/163 - 64s - loss: 2718.7974 - mae: 8.4158 - val_loss: 2525.5952 - val_mae: 8.0625 - 64s/epoch - 391ms/step
Epoch 3/10
163/163 - 63s - loss: 2351.2854 - mae: 7.3300 - val_loss: 2223.6919 - val_mae: 7.7647 - 63s/epoch - 387ms/step
Epoch 4/10
163/163 - 63s - loss: 2074.2468 - mae: 6.5511 - val_loss: 2036.2872 - val_mae: 8.8558 - 63s/epoch - 387ms/step
Epoch 5/10
163/163 - 63s - loss: 1860.8983 - mae: 6.0884 - val_loss: 1811.2971 - val_mae: 7.7034 - 63s/epoch - 389ms/step
Epoch 6/10
163/163 - 63s - loss: 1686.1342 - mae: 5.7737 - val_loss: 1730.1885 - val_mae: 10.4658 - 63s/epoch - 387ms/step
Epoch 7/10
163/163 - 63s - loss: 1534.4677 - mae: 5.3496 - val_loss: 1541.8218 - val_mae: 8.3028 - 63s/epoch - 388ms/step
Epoch 8/10
163/163 - 64s - loss: 1413.4352 - mae: 5.3541 - val_loss: 1439.1769 - val_mae: 8.6018 - 64s/epoch - 393ms/step
Epoch 9/10
163/163 - 63s - loss: 1304.7823 - mae: 5.2142 - val_loss: 1365.5955 - val_mae: 9.6541 - 63s/epoch - 389ms/step
Epoch 10/10
163/163 - 64s - loss: 1203.9559 - mae: 5.0958 - val_loss: 1224.0112 - val_mae: 7.8108 - 64s/epoch - 393ms/step
Found 5202 validated image filenames.
Found 1115 validated image filenames.
Epoch 1/10
163/163 - 73s - loss: 1079.5176 - mae: 12.8624 - val_loss: 927.2130 - val_mae: 9.9117 - 73s/epoch - 445ms/step
Epoch 2/10
163/163 - 64s - loss: 860.0166 - mae: 7.8628 - val_loss: 858.2592 - val_mae: 8.1972 - 64s/epoch - 391ms/step
Epoch 3/10
163/163 - 63s - loss: 817.2398 - mae: 6.9793 - val_loss: 836.0337 - val_mae: 7.9446 - 63s/epoch - 388ms/step
Epoch 4/10
163/163 - 64s - loss: 779.9271 - mae: 6.2303 - val_loss: 815.3735 - val_mae: 8.1421 - 64s/epoch - 391ms/step
Epoch 5/10
163/163 - 63s - loss: 748.9455 - mae: 5.6433 - val_loss: 804.7375 - val_mae: 8.1727 - 63s/epoch - 388ms/step
Epoch 6/10
163/163 - 63s - loss: 726.8370 - mae: 5.5094 - val_loss: 760.6940 - val_mae: 7.4403 - 63s/epoch - 388ms/step
Epoch 7/10
163/163 - 64s - loss: 701.0299 - mae: 5.1327 - val_loss: 747.2928 - val_mae: 7.7624 - 64s/epoch - 392ms/step
Epoch 8/10
163/163 - 63s - loss: 679.9771 - mae: 4.9630 - val_loss: 719.4030 - val_mae: 7.3070 - 63s/epoch - 387ms/step
Epoch 9/10
163/163 - 63s - loss: 655.6646 - mae: 4.6235 - val_loss: 715.9124 - val_mae: 7.7585 - 63s/epoch - 388ms/step
Epoch 10/10
163/163 - 63s - loss: 635.2963 - mae: 4.4487 - val_loss: 684.6645 - val_mae: 7.2312 - 63s/epoch - 385ms/step
Found 5202 validated image filenames.
Found 1115 validated image filenames.
Epoch 1/10
163/163 - 70s - loss: 6649.5293 - mae: 18.6746 - val_loss: 6346.5752 - val_mae: 30.1755 - 70s/epoch - 432ms/step
Epoch 2/10
163/163 - 63s - loss: 4732.9512 - mae: 8.5258 - val_loss: 4212.8384 - val_mae: 8.7705 - 63s/epoch - 385ms/step
Epoch 3/10
163/163 - 63s - loss: 3793.7666 - mae: 7.3495 - val_loss: 3605.6084 - val_mae: 12.5306 - 63s/epoch - 387ms/step
Epoch 4/10
163/163 - 63s - loss: 3167.6501 - mae: 6.7149 - val_loss: 3079.5862 - val_mae: 11.4986 - 63s/epoch - 387ms/step
Epoch 5/10
163/163 - 63s - loss: 2729.4504 - mae: 6.4429 - val_loss: 2612.6895 - val_mae: 8.8942 - 63s/epoch - 386ms/step
Epoch 6/10
163/163 - 63s - loss: 2378.5117 - mae: 6.1758 - val_loss: 2333.5293 - val_mae: 9.9533 - 63s/epoch - 386ms/step
Epoch 7/10
163/163 - 63s - loss: 2112.0767 - mae: 5.8909 - val_loss: 2079.0813 - val_mae: 9.0731 - 63s/epoch - 386ms/step
Epoch 8/10
163/163 - 63s - loss: 1897.4746 - mae: 5.8256 - val_loss: 1857.0928 - val_mae: 7.8367 - 63s/epoch - 386ms/step
Epoch 9/10
163/163 - 63s - loss: 1719.4237 - mae: 5.7609 - val_loss: 1847.1666 - val_mae: 13.0603 - 63s/epoch - 386ms/step
Epoch 10/10
163/163 - 63s - loss: 1567.7938 - mae: 5.6417 - val_loss: 1566.9282 - val_mae: 8.3108 - 63s/epoch - 386ms/step
Found 5202 validated image filenames.
Found 1115 validated image filenames.
Epoch 1/10
163/163 - 71s - loss: 1040.5247 - mae: 13.1289 - val_loss: 966.7668 - val_mae: 12.5033 - 71s/epoch - 435ms/step
Epoch 2/10
163/163 - 63s - loss: 815.0562 - mae: 7.7407 - val_loss: 812.5870 - val_mae: 8.0170 - 63s/epoch - 384ms/step
Epoch 3/10
163/163 - 63s - loss: 777.3359 - mae: 6.8873 - val_loss: 811.4088 - val_mae: 8.3645 - 63s/epoch - 384ms/step
Epoch 4/10
163/163 - 63s - loss: 744.2075 - mae: 6.1368 - val_loss: 767.1583 - val_mae: 7.5832 - 63s/epoch - 385ms/step
Epoch 5/10
163/163 - 63s - loss: 716.5719 - mae: 5.6571 - val_loss: 740.4283 - val_mae: 7.1051 - 63s/epoch - 386ms/step
Epoch 6/10
163/163 - 63s - loss: 693.8729 - mae: 5.4499 - val_loss: 727.1809 - val_mae: 7.0990 - 63s/epoch - 386ms/step
Epoch 7/10
163/163 - 63s - loss: 666.0795 - mae: 4.9514 - val_loss: 743.5777 - val_mae: 8.9761 - 63s/epoch - 386ms/step
Epoch 8/10
163/163 - 63s - loss: 646.1128 - mae: 4.8108 - val_loss: 691.3995 - val_mae: 7.4422 - 63s/epoch - 387ms/step
Epoch 9/10
163/163 - 63s - loss: 622.2219 - mae: 4.5301 - val_loss: 675.8577 - val_mae: 7.4304 - 63s/epoch - 387ms/step
Epoch 10/10
163/163 - 63s - loss: 601.6000 - mae: 4.3536 - val_loss: 657.0672 - val_mae: 7.6539 - 63s/epoch - 385ms/step
Trial 14 finished with best value: 7.098989963531494 and parameters: {'exp_1': 7, 'exp_2': 4, 'exp_3': 4, 'exp_4': 3, 'l1_constant': 0.0022583629353694805, 'l2_constant': 0.031395551492311005}. 
Found 5202 validated image filenames.
Found 1115 validated image filenames.
Epoch 1/10
163/163 - 71s - loss: 5303.1309 - mae: 13.1389 - val_loss: 4969.2505 - val_mae: 13.9627 - 71s/epoch - 434ms/step
Epoch 2/10
163/163 - 63s - loss: 4490.7817 - mae: 7.8196 - val_loss: 4228.5596 - val_mae: 8.5125 - 63s/epoch - 385ms/step
Epoch 3/10
163/163 - 63s - loss: 3946.6086 - mae: 7.0617 - val_loss: 3741.9905 - val_mae: 8.0810 - 63s/epoch - 386ms/step
Epoch 4/10
163/163 - 63s - loss: 3487.7827 - mae: 6.4401 - val_loss: 3341.5344 - val_mae: 8.4941 - 63s/epoch - 385ms/step
Epoch 5/10
163/163 - 63s - loss: 3108.5776 - mae: 6.0331 - val_loss: 2981.1985 - val_mae: 7.6506 - 63s/epoch - 384ms/step
Epoch 6/10
163/163 - 63s - loss: 2791.1853 - mae: 5.9029 - val_loss: 2692.6382 - val_mae: 7.6998 - 63s/epoch - 385ms/step
Epoch 7/10
163/163 - 63s - loss: 2511.7654 - mae: 5.5623 - val_loss: 2451.0989 - val_mae: 8.4867 - 63s/epoch - 386ms/step
Epoch 8/10
163/163 - 63s - loss: 2282.2830 - mae: 5.5747 - val_loss: 2228.8835 - val_mae: 7.8208 - 63s/epoch - 385ms/step
Epoch 9/10
163/163 - 63s - loss: 2077.1450 - mae: 5.4404 - val_loss: 2039.6538 - val_mae: 7.7309 - 63s/epoch - 386ms/step
Epoch 10/10
163/163 - 63s - loss: 1901.0385 - mae: 5.3920 - val_loss: 1880.6694 - val_mae: 7.8270 - 63s/epoch - 387ms/step
Found 5202 validated image filenames.
Found 1115 validated image filenames.
Epoch 1/10
163/163 - 71s - loss: 10286.6963 - mae: 13.0776 - val_loss: 9092.1045 - val_mae: 10.3635 - 71s/epoch - 434ms/step
Epoch 2/10
163/163 - 63s - loss: 8183.0757 - mae: 8.0363 - val_loss: 7411.6377 - val_mae: 8.1563 - 63s/epoch - 385ms/step
Epoch 3/10
163/163 - 63s - loss: 6736.7026 - mae: 7.3257 - val_loss: 6171.9883 - val_mae: 8.8293 - 63s/epoch - 386ms/step
Epoch 4/10
163/163 - 63s - loss: 5626.2646 - mae: 6.7452 - val_loss: 5216.5244 - val_mae: 8.0409 - 63s/epoch - 386ms/step
Epoch 5/10
163/163 - 63s - loss: 4779.7227 - mae: 6.4995 - val_loss: 4468.5000 - val_mae: 7.5407 - 63s/epoch - 386ms/step
Epoch 6/10
163/163 - 63s - loss: 4121.6411 - mae: 6.4699 - val_loss: 3866.1538 - val_mae: 7.7842 - 63s/epoch - 385ms/step
Epoch 7/10
163/163 - 63s - loss: 3587.2241 - mae: 6.1661 - val_loss: 3411.8159 - val_mae: 7.8378 - 63s/epoch - 384ms/step
Epoch 8/10
163/163 - 63s - loss: 3181.0427 - mae: 6.2313 - val_loss: 3045.5945 - val_mae: 8.0630 - 63s/epoch - 384ms/step
Epoch 9/10
163/163 - 63s - loss: 2827.4470 - mae: 6.2047 - val_loss: 2757.4478 - val_mae: 9.0364 - 63s/epoch - 386ms/step
Epoch 10/10
163/163 - 63s - loss: 2555.1255 - mae: 6.3120 - val_loss: 2498.2004 - val_mae: 9.0091 - 63s/epoch - 386ms/step
Found 5202 validated image filenames.
Found 1115 validated image filenames.
Epoch 1/10
163/163 - 71s - loss: 20793.3496 - mae: 12.8325 - val_loss: 17287.6328 - val_mae: 17.8800 - 71s/epoch - 434ms/step
Epoch 2/10
163/163 - 63s - loss: 14417.2383 - mae: 8.1671 - val_loss: 12304.9600 - val_mae: 11.4618 - 63s/epoch - 385ms/step
Epoch 3/10
163/163 - 63s - loss: 10543.1816 - mae: 7.6248 - val_loss: 9143.8848 - val_mae: 8.5929 - 63s/epoch - 385ms/step
Epoch 4/10
163/163 - 63s - loss: 8042.0215 - mae: 7.2919 - val_loss: 7183.6812 - val_mae: 9.0370 - 63s/epoch - 385ms/step
Epoch 5/10
163/163 - 63s - loss: 6413.7749 - mae: 7.2728 - val_loss: 5858.6479 - val_mae: 9.4996 - 63s/epoch - 385ms/step
Epoch 6/10
163/163 - 63s - loss: 5293.1465 - mae: 7.3274 - val_loss: 14241.7529 - val_mae: 15.9474 - 63s/epoch - 386ms/step
Epoch 7/10
163/163 - 63s - loss: 4488.4546 - mae: 7.2137 - val_loss: 4228.8423 - val_mae: 10.5877 - 63s/epoch - 385ms/step
Epoch 8/10
163/163 - 63s - loss: 3798.2676 - mae: 7.0934 - val_loss: 3605.1057 - val_mae: 8.5780 - 63s/epoch - 386ms/step
Epoch 9/10
163/163 - 63s - loss: 3309.4497 - mae: 7.0906 - val_loss: 3184.3589 - val_mae: 9.6218 - 63s/epoch - 385ms/step
Epoch 10/10
163/163 - 63s - loss: 2964.0527 - mae: 7.1917 - val_loss: 3282.9739 - val_mae: 9.5043 - 63s/epoch - 384ms/step
Found 5202 validated image filenames.
Found 1115 validated image filenames.
Epoch 1/10
163/163 - 71s - loss: 4517.5024 - mae: 15.0225 - val_loss: 4215.6631 - val_mae: 15.9585 - 71s/epoch - 435ms/step
Epoch 2/10
163/163 - 64s - loss: 3700.1560 - mae: 7.8893 - val_loss: 3461.5630 - val_mae: 7.8635 - 64s/epoch - 391ms/step
Epoch 3/10
163/163 - 64s - loss: 3227.4082 - mae: 7.0842 - val_loss: 3054.7283 - val_mae: 7.9161 - 64s/epoch - 390ms/step
Epoch 4/10
163/163 - 63s - loss: 2838.9263 - mae: 6.3831 - val_loss: 2720.7219 - val_mae: 7.9338 - 63s/epoch - 388ms/step
Epoch 5/10
163/163 - 63s - loss: 2533.5405 - mae: 6.0759 - val_loss: 2440.6882 - val_mae: 7.6376 - 63s/epoch - 387ms/step
Epoch 6/10
163/163 - 63s - loss: 2277.9128 - mae: 5.9115 - val_loss: 2225.4346 - val_mae: 8.2779 - 63s/epoch - 387ms/step
Epoch 7/10
163/163 - 64s - loss: 2049.0149 - mae: 5.3928 - val_loss: 2070.5398 - val_mae: 10.4794 - 64s/epoch - 395ms/step
Epoch 8/10
163/163 - 64s - loss: 1875.7836 - mae: 5.4928 - val_loss: 1845.9537 - val_mae: 7.9195 - 64s/epoch - 395ms/step
Epoch 9/10
163/163 - 64s - loss: 1712.5021 - mae: 5.2682 - val_loss: 1713.8452 - val_mae: 8.1233 - 64s/epoch - 392ms/step
Epoch 10/10
163/163 - 63s - loss: 1575.5886 - mae: 5.2770 - val_loss: 1574.3744 - val_mae: 7.8493 - 63s/epoch - 387ms/step
Found 5202 validated image filenames.
Found 1115 validated image filenames.
Epoch 1/10
163/163 - 72s - loss: 8968.3633 - mae: 14.6624 - val_loss: 7663.6567 - val_mae: 15.8348 - 72s/epoch - 443ms/step
Epoch 2/10
163/163 - 63s - loss: 6510.3115 - mae: 7.9661 - val_loss: 5727.7188 - val_mae: 7.9050 - 63s/epoch - 386ms/step
Epoch 3/10
163/163 - 63s - loss: 5125.9810 - mae: 7.2146 - val_loss: 4655.5205 - val_mae: 8.6505 - 63s/epoch - 389ms/step
Epoch 4/10
163/163 - 63s - loss: 4190.2085 - mae: 6.6965 - val_loss: 3882.4673 - val_mae: 8.1494 - 63s/epoch - 388ms/step
Epoch 5/10
163/163 - 64s - loss: 3534.2761 - mae: 6.5019 - val_loss: 3336.3777 - val_mae: 8.9471 - 64s/epoch - 393ms/step
Epoch 6/10
163/163 - 64s - loss: 3036.4607 - mae: 6.3615 - val_loss: 2898.0793 - val_mae: 8.6516 - 64s/epoch - 390ms/step
Epoch 7/10
163/163 - 64s - loss: 2653.8503 - mae: 6.1417 - val_loss: 2535.2881 - val_mae: 7.8100 - 64s/epoch - 390ms/step
Epoch 8/10
163/163 - 64s - loss: 2368.0139 - mae: 6.2245 - val_loss: 2290.8228 - val_mae: 7.9334 - 64s/epoch - 390ms/step
Epoch 9/10
163/163 - 64s - loss: 2116.3396 - mae: 6.0191 - val_loss: 2114.2256 - val_mae: 9.4668 - 64s/epoch - 392ms/step
Epoch 10/10
163/163 - 64s - loss: 1917.4451 - mae: 5.9937 - val_loss: 1898.4574 - val_mae: 8.6868 - 64s/epoch - 390ms/step
Found 5202 validated image filenames.
Found 1115 validated image filenames.
Epoch 1/10
163/163 - 71s - loss: 13060.7969 - mae: 13.6236 - val_loss: 11183.8955 - val_mae: 12.7021 - 71s/epoch - 438ms/step
Epoch 2/10
163/163 - 64s - loss: 9710.5908 - mae: 8.0401 - val_loss: 8552.4580 - val_mae: 9.0901 - 64s/epoch - 391ms/step
Epoch 3/10
163/163 - 63s - loss: 7579.2539 - mae: 7.3589 - val_loss: 6767.8730 - val_mae: 7.5846 - 63s/epoch - 388ms/step
Epoch 4/10
163/163 - 63s - loss: 6092.8135 - mae: 6.9268 - val_loss: 5579.9438 - val_mae: 8.0293 - 63s/epoch - 389ms/step
Epoch 5/10
163/163 - 64s - loss: 5055.3481 - mae: 6.8181 - val_loss: 4690.5522 - val_mae: 8.3805 - 64s/epoch - 392ms/step
Epoch 6/10
163/163 - 64s - loss: 4260.2339 - mae: 6.6169 - val_loss: 3970.3130 - val_mae: 8.3004 - 64s/epoch - 393ms/step
Epoch 7/10
163/163 - 64s - loss: 3656.5583 - mae: 6.4514 - val_loss: 3485.2659 - val_mae: 8.3523 - 64s/epoch - 391ms/step
Epoch 8/10
163/163 - 64s - loss: 3221.9062 - mae: 6.5969 - val_loss: 3118.0012 - val_mae: 8.4535 - 64s/epoch - 390ms/step
Epoch 9/10
163/163 - 64s - loss: 2860.7351 - mae: 6.4402 - val_loss: 2864.6650 - val_mae: 11.2108 - 64s/epoch - 391ms/step
Epoch 10/10
163/163 - 63s - loss: 2552.1079 - mae: 6.5115 - val_loss: 2475.5190 - val_mae: 8.3101 - 63s/epoch - 388ms/step
Found 5202 validated image filenames.
Found 1115 validated image filenames.
Epoch 1/10
163/163 - 71s - loss: 1426.5947 - mae: 18.3095 - val_loss: 1410.5708 - val_mae: 19.8117 - 71s/epoch - 438ms/step
Epoch 2/10
163/163 - 63s - loss: 965.4316 - mae: 8.1587 - val_loss: 950.5200 - val_mae: 8.8870 - 63s/epoch - 388ms/step
Epoch 3/10
163/163 - 63s - loss: 884.1013 - mae: 7.0533 - val_loss: 903.9329 - val_mae: 8.5694 - 63s/epoch - 388ms/step
Epoch 4/10
163/163 - 63s - loss: 816.9893 - mae: 6.1396 - val_loss: 829.0099 - val_mae: 7.7013 - 63s/epoch - 389ms/step
Epoch 5/10
163/163 - 63s - loss: 765.2352 - mae: 5.7546 - val_loss: 780.4997 - val_mae: 7.3511 - 63s/epoch - 387ms/step
Epoch 6/10
163/163 - 63s - loss: 721.3588 - mae: 5.4474 - val_loss: 754.7476 - val_mae: 7.6480 - 63s/epoch - 387ms/step
Epoch 7/10
163/163 - 63s - loss: 677.1240 - mae: 4.9568 - val_loss: 709.7709 - val_mae: 7.2812 - 63s/epoch - 387ms/step
Epoch 8/10
163/163 - 63s - loss: 646.2203 - mae: 4.9400 - val_loss: 681.9890 - val_mae: 7.3019 - 63s/epoch - 387ms/step
Epoch 9/10
163/163 - 63s - loss: 613.0379 - mae: 4.6822 - val_loss: 665.1915 - val_mae: 7.6772 - 63s/epoch - 387ms/step
Epoch 10/10
163/163 - 63s - loss: 583.0493 - mae: 4.4585 - val_loss: 626.9401 - val_mae: 7.3424 - 63s/epoch - 388ms/step
Found 5202 validated image filenames.
Found 1115 validated image filenames.
Epoch 1/10
163/163 - 71s - loss: 2858.4626 - mae: 11.8068 - val_loss: 2699.2239 - val_mae: 10.2157 - 71s/epoch - 438ms/step
Epoch 2/10
163/163 - 63s - loss: 2564.1619 - mae: 7.7618 - val_loss: 2506.2061 - val_mae: 8.3871 - 63s/epoch - 387ms/step
Epoch 3/10
163/163 - 63s - loss: 2400.6846 - mae: 6.8688 - val_loss: 2363.0527 - val_mae: 8.0074 - 63s/epoch - 389ms/step
Epoch 4/10
163/163 - 63s - loss: 2251.0654 - mae: 6.2658 - val_loss: 2247.3008 - val_mae: 8.8839 - 63s/epoch - 388ms/step
Epoch 5/10
163/163 - 63s - loss: 2112.9543 - mae: 5.7905 - val_loss: 2110.7947 - val_mae: 8.2295 - 63s/epoch - 388ms/step
Epoch 6/10
163/163 - 63s - loss: 1987.1010 - mae: 5.5989 - val_loss: 1971.5951 - val_mae: 7.4606 - 63s/epoch - 388ms/step
Epoch 7/10
163/163 - 63s - loss: 1861.7458 - mae: 5.1852 - val_loss: 1870.7706 - val_mae: 8.2356 - 63s/epoch - 388ms/step
Epoch 8/10
163/163 - 63s - loss: 1753.0494 - mae: 5.1617 - val_loss: 1774.2390 - val_mae: 8.5570 - 63s/epoch - 386ms/step
Epoch 9/10
163/163 - 63s - loss: 1644.0511 - mae: 4.8982 - val_loss: 1662.3765 - val_mae: 7.6395 - 63s/epoch - 389ms/step
Epoch 10/10
163/163 - 63s - loss: 1549.4854 - mae: 4.9098 - val_loss: 1573.7932 - val_mae: 8.2302 - 63s/epoch - 388ms/step
Found 5202 validated image filenames.
Found 1115 validated image filenames.
Epoch 1/10
163/163 - 72s - loss: 5640.0229 - mae: 18.7548 - val_loss: 5335.4639 - val_mae: 24.9969 - 72s/epoch - 439ms/step
Epoch 2/10
163/163 - 63s - loss: 4131.8384 - mae: 8.4540 - val_loss: 3735.4373 - val_mae: 8.3164 - 63s/epoch - 389ms/step
Epoch 3/10
163/163 - 63s - loss: 3398.4373 - mae: 7.2779 - val_loss: 3230.9612 - val_mae: 10.8044 - 63s/epoch - 388ms/step
Epoch 4/10
163/163 - 64s - loss: 2889.0916 - mae: 6.5700 - val_loss: 2759.6311 - val_mae: 8.8767 - 64s/epoch - 390ms/step
Epoch 5/10
163/163 - 63s - loss: 2523.7817 - mae: 6.3453 - val_loss: 2464.0063 - val_mae: 9.7678 - 63s/epoch - 389ms/step
Epoch 6/10
163/163 - 63s - loss: 2232.8613 - mae: 5.9944 - val_loss: 2201.7793 - val_mae: 9.6082 - 63s/epoch - 388ms/step
Epoch 7/10
163/163 - 63s - loss: 1993.9329 - mae: 5.7614 - val_loss: 1958.4276 - val_mae: 8.3712 - 63s/epoch - 388ms/step
Epoch 8/10
163/163 - 63s - loss: 1807.8524 - mae: 5.6552 - val_loss: 1808.5078 - val_mae: 8.6951 - 63s/epoch - 387ms/step
Epoch 9/10
163/163 - 63s - loss: 1651.9535 - mae: 5.5384 - val_loss: 1723.7098 - val_mae: 11.0969 - 63s/epoch - 389ms/step
Epoch 10/10
163/163 - 63s - loss: 1504.3378 - mae: 5.4317 - val_loss: 1544.0502 - val_mae: 9.4024 - 63s/epoch - 389ms/step
Found 5202 validated image filenames.
Found 1115 validated image filenames.
Epoch 1/10
163/163 - 72s - loss: 1021.6749 - mae: 14.0060 - val_loss: 1241.4810 - val_mae: 21.0144 - 72s/epoch - 442ms/step
Epoch 2/10
163/163 - 63s - loss: 762.6238 - mae: 7.8449 - val_loss: 769.0851 - val_mae: 8.7235 - 63s/epoch - 388ms/step
Epoch 3/10
163/163 - 63s - loss: 719.5105 - mae: 6.8990 - val_loss: 727.8182 - val_mae: 7.5824 - 63s/epoch - 388ms/step
Epoch 4/10
163/163 - 63s - loss: 681.8555 - mae: 6.1219 - val_loss: 708.0298 - val_mae: 7.6153 - 63s/epoch - 389ms/step
Epoch 5/10
163/163 - 63s - loss: 652.6238 - mae: 5.7054 - val_loss: 680.5523 - val_mae: 7.3277 - 63s/epoch - 387ms/step
Epoch 6/10
163/163 - 63s - loss: 625.8376 - mae: 5.3823 - val_loss: 657.8508 - val_mae: 7.2448 - 63s/epoch - 386ms/step
Epoch 7/10
163/163 - 63s - loss: 595.5883 - mae: 4.8984 - val_loss: 674.2390 - val_mae: 8.9481 - 63s/epoch - 389ms/step
Epoch 8/10
163/163 - 63s - loss: 574.5226 - mae: 4.8389 - val_loss: 616.3005 - val_mae: 7.3853 - 63s/epoch - 389ms/step
Epoch 9/10
163/163 - 63s - loss: 549.3114 - mae: 4.5027 - val_loss: 611.2780 - val_mae: 7.7346 - 63s/epoch - 388ms/step
Epoch 10/10
163/163 - 64s - loss: 528.4994 - mae: 4.3889 - val_loss: 583.5783 - val_mae: 7.3674 - 64s/epoch - 393ms/step
Found 5202 validated image filenames.
Found 1115 validated image filenames.
Epoch 1/10
163/163 - 72s - loss: 3956.6938 - mae: 14.0721 - val_loss: 3656.7312 - val_mae: 12.4447 - 72s/epoch - 443ms/step
Epoch 2/10
163/163 - 63s - loss: 3368.0420 - mae: 7.9614 - val_loss: 3251.8457 - val_mae: 9.5885 - 63s/epoch - 387ms/step
Epoch 3/10
163/163 - 63s - loss: 3036.4783 - mae: 7.1950 - val_loss: 2914.2156 - val_mae: 7.9833 - 63s/epoch - 389ms/step
Epoch 4/10
163/163 - 63s - loss: 2738.6082 - mae: 6.3939 - val_loss: 2647.9656 - val_mae: 7.8783 - 63s/epoch - 388ms/step
Epoch 5/10
163/163 - 63s - loss: 2488.9009 - mae: 6.0316 - val_loss: 2416.1125 - val_mae: 7.7481 - 63s/epoch - 386ms/step
Epoch 6/10
163/163 - 63s - loss: 2273.4902 - mae: 5.8520 - val_loss: 2211.5920 - val_mae: 7.5381 - 63s/epoch - 387ms/step
Epoch 7/10
163/163 - 63s - loss: 2073.5015 - mae: 5.4999 - val_loss: 2134.9109 - val_mae: 11.7653 - 63s/epoch - 389ms/step
Epoch 8/10
163/163 - 63s - loss: 1906.1730 - mae: 5.4571 - val_loss: 1877.8770 - val_mae: 7.7339 - 63s/epoch - 388ms/step
Epoch 9/10
163/163 - 63s - loss: 1758.7679 - mae: 5.2945 - val_loss: 1765.1261 - val_mae: 8.3295 - 63s/epoch - 388ms/step
Epoch 10/10
163/163 - 63s - loss: 1624.8845 - mae: 5.2013 - val_loss: 1618.2607 - val_mae: 7.4540 - 63s/epoch - 389ms/step
Found 5202 validated image filenames.
Found 1115 validated image filenames.
Epoch 1/10
163/163 - 72s - loss: 2679.3584 - mae: 12.0331 - val_loss: 2503.7952 - val_mae: 9.0780 - 72s/epoch - 439ms/step
Epoch 2/10
163/163 - 63s - loss: 2414.3208 - mae: 7.8693 - val_loss: 2363.7883 - val_mae: 8.0154 - 63s/epoch - 388ms/step
Epoch 3/10
163/163 - 64s - loss: 2282.2761 - mae: 7.0165 - val_loss: 2247.7178 - val_mae: 7.8332 - 64s/epoch - 392ms/step
Epoch 4/10
163/163 - 64s - loss: 2157.0339 - mae: 6.2350 - val_loss: 2144.8525 - val_mae: 8.0681 - 64s/epoch - 391ms/step
Epoch 5/10
163/163 - 63s - loss: 2043.1177 - mae: 5.9021 - val_loss: 2047.9424 - val_mae: 8.1208 - 63s/epoch - 387ms/step
Epoch 6/10
163/163 - 63s - loss: 1935.9595 - mae: 5.6573 - val_loss: 1934.8247 - val_mae: 7.6443 - 63s/epoch - 388ms/step
Epoch 7/10
163/163 - 64s - loss: 1826.8058 - mae: 5.2579 - val_loss: 1843.4771 - val_mae: 8.5006 - 64s/epoch - 390ms/step
Epoch 8/10
163/163 - 63s - loss: 1727.9231 - mae: 5.1200 - val_loss: 1771.3812 - val_mae: 9.3356 - 63s/epoch - 389ms/step
Epoch 9/10
163/163 - 64s - loss: 1633.3706 - mae: 4.9952 - val_loss: 1662.0436 - val_mae: 8.0997 - 64s/epoch - 392ms/step
Epoch 10/10
163/163 - 63s - loss: 1542.9207 - mae: 4.8439 - val_loss: 1559.4076 - val_mae: 7.6175 - 63s/epoch - 389ms/step
Found 5202 validated image filenames.
Found 1115 validated image filenames.
Epoch 1/10
163/163 - 72s - loss: 8048.7705 - mae: 15.0251 - val_loss: 7167.9980 - val_mae: 16.5611 - 72s/epoch - 439ms/step
Epoch 2/10
163/163 - 63s - loss: 6189.8169 - mae: 8.0160 - val_loss: 5561.3872 - val_mae: 8.0826 - 63s/epoch - 387ms/step
Epoch 3/10
163/163 - 63s - loss: 5030.8838 - mae: 7.2852 - val_loss: 4585.0166 - val_mae: 7.8095 - 63s/epoch - 388ms/step
Epoch 4/10
163/163 - 63s - loss: 4186.5308 - mae: 6.6825 - val_loss: 3932.5269 - val_mae: 8.7279 - 63s/epoch - 388ms/step
Epoch 5/10
163/163 - 63s - loss: 3578.4675 - mae: 6.4102 - val_loss: 3362.6526 - val_mae: 7.7483 - 63s/epoch - 387ms/step
Epoch 6/10
163/163 - 63s - loss: 3098.8069 - mae: 6.2693 - val_loss: 2965.6870 - val_mae: 8.9300 - 63s/epoch - 387ms/step
Epoch 7/10
163/163 - 63s - loss: 2713.6675 - mae: 5.8548 - val_loss: 2644.6929 - val_mae: 9.3807 - 63s/epoch - 387ms/step
Epoch 8/10
163/163 - 63s - loss: 2440.1465 - mae: 6.0540 - val_loss: 2361.4875 - val_mae: 7.9767 - 63s/epoch - 389ms/step
Epoch 9/10
163/163 - 85s - loss: 2194.4639 - mae: 5.8742 - val_loss: 2139.5754 - val_mae: 7.6916 - 85s/epoch - 522ms/step
Epoch 10/10
163/163 - 67s - loss: 1986.2816 - mae: 5.8564 - val_loss: 1954.1289 - val_mae: 8.1523 - 67s/epoch - 411ms/step
Found 5202 validated image filenames.
Found 1115 validated image filenames.
Epoch 1/10
163/163 - 71s - loss: 4693.6016 - mae: 19.2442 - val_loss: 3741.7104 - val_mae: 14.7942 - 71s/epoch - 434ms/step
Epoch 2/10
163/163 - 63s - loss: 3295.7078 - mae: 8.7085 - val_loss: 3074.9146 - val_mae: 9.7253 - 63s/epoch - 389ms/step
Epoch 3/10
163/163 - 64s - loss: 2836.2893 - mae: 7.7546 - val_loss: 2680.4463 - val_mae: 8.2065 - 64s/epoch - 391ms/step
Epoch 4/10
163/163 - 65s - loss: 2503.5361 - mae: 6.9361 - val_loss: 2433.6965 - val_mae: 8.7790 - 65s/epoch - 398ms/step
Epoch 5/10
163/163 - 65s - loss: 2273.3552 - mae: 6.7201 - val_loss: 2220.8762 - val_mae: 8.2453 - 65s/epoch - 401ms/step
Epoch 6/10
163/163 - 66s - loss: 2080.2986 - mae: 6.4459 - val_loss: 2019.2834 - val_mae: 7.4352 - 66s/epoch - 405ms/step
Epoch 7/10
163/163 - 67s - loss: 1905.5371 - mae: 6.1037 - val_loss: 1870.7975 - val_mae: 7.7583 - 67s/epoch - 409ms/step
Epoch 8/10
163/163 - 65s - loss: 1769.4397 - mae: 6.0475 - val_loss: 1778.5735 - val_mae: 8.7521 - 65s/epoch - 402ms/step
Epoch 9/10
163/163 - 65s - loss: 1651.7439 - mae: 5.8680 - val_loss: 1690.6395 - val_mae: 9.4187 - 65s/epoch - 402ms/step
Epoch 10/10
163/163 - 66s - loss: 1541.5682 - mae: 5.8918 - val_loss: 1555.1340 - val_mae: 8.5786 - 66s/epoch - 402ms/step
Found 5202 validated image filenames.
Found 1115 validated image filenames.
Epoch 1/10
163/163 - 74s - loss: 2224.7283 - mae: 18.2395 - val_loss: 2087.1250 - val_mae: 18.2620 - 74s/epoch - 453ms/step
Epoch 2/10
163/163 - 65s - loss: 1654.9233 - mae: 8.1304 - val_loss: 1602.3647 - val_mae: 9.2709 - 65s/epoch - 400ms/step
Epoch 3/10
163/163 - 66s - loss: 1485.8325 - mae: 7.1718 - val_loss: 1457.0944 - val_mae: 8.3935 - 66s/epoch - 403ms/step
Epoch 4/10
163/163 - 66s - loss: 1342.3912 - mae: 6.2597 - val_loss: 1321.0212 - val_mae: 7.6278 - 66s/epoch - 403ms/step
Epoch 5/10
163/163 - 66s - loss: 1234.0500 - mae: 5.8659 - val_loss: 1237.0679 - val_mae: 7.8514 - 66s/epoch - 402ms/step
Epoch 6/10
163/163 - 66s - loss: 1144.6255 - mae: 5.5611 - val_loss: 1167.0879 - val_mae: 8.0559 - 66s/epoch - 404ms/step
Epoch 7/10
163/163 - 66s - loss: 1061.4805 - mae: 5.1459 - val_loss: 1072.5542 - val_mae: 7.2860 - 66s/epoch - 404ms/step
Epoch 8/10
163/163 - 66s - loss: 992.7796 - mae: 5.0496 - val_loss: 1009.0336 - val_mae: 7.1315 - 66s/epoch - 402ms/step
Epoch 9/10
163/163 - 65s - loss: 930.1037 - mae: 4.8114 - val_loss: 1007.5226 - val_mae: 9.1274 - 65s/epoch - 401ms/step
Epoch 10/10
163/163 - 69s - loss: 874.2881 - mae: 4.7384 - val_loss: 908.6107 - val_mae: 7.3374 - 69s/epoch - 426ms/step

Elapsed time for the optimization process: 322 minutes 52.7 seconds
